Arguments: 
  C:\Program Files\nodejs\node.exe C:\Program Files\nodejs\node_modules\yarn\bin\yarn.js add nodemailer -d

PATH: 
  C:\Program Files\Eclipse Adoptium\jdk-11.0.17.8-hotspot\bin;C:\Python310\Scripts\;C:\Python310\;C:\WINDOWS\system32;C:\WINDOWS;C:\WINDOWS\System32\Wbem;C:\WINDOWS\System32\WindowsPowerShell\v1.0\;C:\WINDOWS\System32\OpenSSH\;C:\ProgramData\chocolatey\bin;C:\Users\Luiza\AppData\Roaming\nvm;C:\Program Files\nodejs;C:\Program Files\Git\cmd;C:\Program Files\dotnet\;C:\Program Files (x86)\Intel\Intel(R) Management Engine Components\DAL;C:\Program Files\Intel\Intel(R) Management Engine Components\DAL;C:\Program Files\Docker\Docker\resources\bin;C:\Program Files\MySQL\MySQL Shell 8.0\bin\;C:\Users\Luiza\AppData\Local\Microsoft\WindowsApps;C:\Users\Luiza\AppData\Local\Programs\Microsoft VS Code\bin;C:\Users\Luiza\AppData\Roaming\nvm;C:\Program Files\nodejs;C:\Program Files\Eclipse Adoptium\jdk-11.0.17.8-hotspot\bin;C:\Users\Luiza\AppData\Local\Android\Sdk\tools;C:\Users\Luiza\AppData\Local\Android\Sdk\platform-tools;C:\Users\Luiza\AppData\Local\Android\Sdk\emulator;C:\Users\Luiza\AppData\Local\Android\Sdk\tools\bin;C:\Users\Luiza\AppData\Local\Android\Sdk;

Yarn version: 
  1.22.19

Node version: 
  16.13.0

Platform: 
  win32 x64

Trace: 
  Error: EPERM: operation not permitted, unlink 'C:\Users\Luiza\tcc\api-carteiradodoador\node_modules\bcrypt\lib\binding\napi-v3\bcrypt_lib.node'

npm manifest: 
  {
    "name": "api-carteiradodoador",
    "version": "1.0.0",
    "description": "",
    "main": "index.js",
    "scripts": {
      "build": "tsc",
      "dev": "tsnd src/server.ts"
    },
    "author": "",
    "license": "ISC",
    "dependencies": {
      "@prisma/client": "^4.6.1",
      "bcrypt": "^5.1.0",
      "cors": "^2.8.5",
      "dayjs": "^1.11.6",
      "express": "^4.18.2",
      "express-async-errors": "^3.1.1",
      "express-jwt": "^7.7.7",
      "jsonwebtoken": "^8.5.1"
    },
    "devDependencies": {
      "@types/cors": "^2.8.12",
      "@types/express": "^4.17.14",
      "@types/jsonwebtoken": "^8.5.9",
      "@types/node": "^18.11.9",
      "prisma": "^4.6.1",
      "ts-node": "^10.9.1",
      "ts-node-dev": "^2.0.0",
      "typescript": "^4.9.3"
    }
  }

yarn manifest: 
  No manifest

Lockfile: 
  No lockfile
